# JRE version: Java(TM) SE Runtime Environment (17.0.2+8) (build 17.0.2+8-LTS-86)
# Java VM: Java HotSpot(TM) 64-Bit Server VM (17.0.2+8-LTS-86, mixed mode, sharing, tiered, compressed oops, compressed class ptrs, g1 gc, windows-amd64)
GC Precious Log:
 CPUs: 8 total, 8 available
 Memory: 8079M
 Large Page Support: Disabled
 NUMA Support: Disabled
 Compressed Oops: Enabled (32-bit)
 Heap Region Size: 1M
 Heap Min Capacity: 8M
 Heap Initial Capacity: 128M
 Heap Max Capacity: 2020M
 Pre-touch: Disabled
 Parallel Workers: 8
 Concurrent Workers: 2
 Concurrent Refinement Workers: 8
 Periodic GC: Disabled
Heap:
 garbage-first heap   total 157696K, used 111521K [0x0000000081c00000, 0x0000000100000000)
  region size 1024K, 47 young (48128K), 5 survivors (5120K)
 Metaspace       used 101213K, committed 101952K, reserved 1138688K
  class space    used 13208K, committed 13568K, reserved 1048576K
GC Heap History (20 events):
Event: 15.302 GC heap before
{Heap before GC invocations=16 (full 0):
 garbage-first heap   total 239616K, used 151566K [0x0000000081c00000, 0x0000000100000000)
  region size 1024K, 116 young (118784K), 5 survivors (5120K)
 Metaspace       used 59684K, committed 60096K, reserved 1105920K
  class space    used 7624K, committed 7808K, reserved 1048576K
}
Event: 15.309 GC heap after
{Heap after GC invocations=17 (full 0):
 garbage-first heap   total 239616K, used 42726K [0x0000000081c00000, 0x0000000100000000)
  region size 1024K, 7 young (7168K), 7 survivors (7168K)
 Metaspace       used 59684K, committed 60096K, reserved 1105920K
  class space    used 7624K, committed 7808K, reserved 1048576K
}
Event: 16.507 GC heap before
{Heap before GC invocations=18 (full 0):
 garbage-first heap   total 157696K, used 129766K [0x0000000081c00000, 0x0000000100000000)
  region size 1024K, 92 young (94208K), 7 survivors (7168K)
 Metaspace       used 65110K, committed 65728K, reserved 1105920K
  class space    used 8530K, committed 8832K, reserved 1048576K
}
Event: 16.514 GC heap after
{Heap after GC invocations=19 (full 0):
 garbage-first heap   total 157696K, used 44149K [0x0000000081c00000, 0x0000000100000000)
  region size 1024K, 7 young (7168K), 7 survivors (7168K)
 Metaspace       used 65110K, committed 65728K, reserved 1105920K
  class space    used 8530K, committed 8832K, reserved 1048576K
}
Event: 17.710 GC heap before
{Heap before GC invocations=19 (full 0):
 garbage-first heap   total 157696K, used 128117K [0x0000000081c00000, 0x0000000100000000)
  region size 1024K, 90 young (92160K), 7 survivors (7168K)
 Metaspace       used 72065K, committed 72640K, reserved 1114112K
  class space    used 9672K, committed 9920K, reserved 1048576K
}
Event: 17.723 GC heap after
{Heap after GC invocations=20 (full 0):
 garbage-first heap   total 157696K, used 48253K [0x0000000081c00000, 0x0000000100000000)
  region size 1024K, 11 young (11264K), 11 survivors (11264K)
 Metaspace       used 72065K, committed 72640K, reserved 1114112K
  class space    used 9672K, committed 9920K, reserved 1048576K
}
Event: 18.633 GC heap before
{Heap before GC invocations=20 (full 0):
 garbage-first heap   total 157696K, used 128125K [0x0000000081c00000, 0x0000000100000000)
  region size 1024K, 90 young (92160K), 11 survivors (11264K)
 Metaspace       used 76382K, committed 76992K, reserved 1122304K
  class space    used 10283K, committed 10560K, reserved 1048576K
}
Event: 18.649 GC heap after
{Heap after GC invocations=21 (full 0):
 garbage-first heap   total 157696K, used 53903K [0x0000000081c00000, 0x0000000100000000)
  region size 1024K, 12 young (12288K), 12 survivors (12288K)
 Metaspace       used 76382K, committed 76992K, reserved 1122304K
  class space    used 10283K, committed 10560K, reserved 1048576K
}
Event: 19.788 GC heap before
{Heap before GC invocations=21 (full 0):
 garbage-first heap   total 157696K, used 128655K [0x0000000081c00000, 0x0000000100000000)
  region size 1024K, 85 young (87040K), 12 survivors (12288K)
 Metaspace       used 81373K, committed 81984K, reserved 1122304K
  class space    used 10885K, committed 11200K, reserved 1048576K
}
Event: 19.799 GC heap after
{Heap after GC invocations=22 (full 0):
 garbage-first heap   total 157696K, used 54466K [0x0000000081c00000, 0x0000000100000000)
  region size 1024K, 7 young (7168K), 7 survivors (7168K)
 Metaspace       used 81373K, committed 81984K, reserved 1122304K
  class space    used 10885K, committed 11200K, reserved 1048576K
}
Event: 20.895 GC heap before
{Heap before GC invocations=22 (full 0):
 garbage-first heap   total 157696K, used 127170K [0x0000000081c00000, 0x0000000100000000)
  region size 1024K, 79 young (80896K), 7 survivors (7168K)
 Metaspace       used 84634K, committed 85248K, reserved 1130496K
  class space    used 11252K, committed 11520K, reserved 1048576K
}
Event: 20.907 GC heap after
{Heap after GC invocations=23 (full 0):
 garbage-first heap   total 157696K, used 58103K [0x0000000081c00000, 0x0000000100000000)
  region size 1024K, 7 young (7168K), 7 survivors (7168K)
 Metaspace       used 84634K, committed 85248K, reserved 1130496K
  class space    used 11252K, committed 11520K, reserved 1048576K
}
Event: 21.897 GC heap before
{Heap before GC invocations=23 (full 0):
 garbage-first heap   total 157696K, used 128759K [0x0000000081c00000, 0x0000000100000000)
  region size 1024K, 76 young (77824K), 7 survivors (7168K)
 Metaspace       used 87516K, committed 88128K, reserved 1130496K
  class space    used 11573K, committed 11840K, reserved 1048576K
}
Event: 21.908 GC heap after
{Heap after GC invocations=24 (full 0):
 garbage-first heap   total 157696K, used 61755K [0x0000000081c00000, 0x0000000100000000)
  region size 1024K, 8 young (8192K), 8 survivors (8192K)
 Metaspace       used 87516K, committed 88128K, reserved 1130496K
  class space    used 11573K, committed 11840K, reserved 1048576K
}
Event: 22.911 GC heap before
{Heap before GC invocations=24 (full 0):
 garbage-first heap   total 157696K, used 127291K [0x0000000081c00000, 0x0000000100000000)
  region size 1024K, 73 young (74752K), 8 survivors (8192K)
 Metaspace       used 90830K, committed 91456K, reserved 1130496K
  class space    used 12031K, committed 12352K, reserved 1048576K
}
Event: 22.923 GC heap after
{Heap after GC invocations=25 (full 0):
 garbage-first heap   total 157696K, used 65169K [0x0000000081c00000, 0x0000000100000000)
  region size 1024K, 8 young (8192K), 8 survivors (8192K)
 Metaspace       used 90830K, committed 91456K, reserved 1130496K
  class space    used 12031K, committed 12352K, reserved 1048576K
}
Event: 33.379 GC heap before
{Heap before GC invocations=25 (full 0):
 garbage-first heap   total 157696K, used 129681K [0x0000000081c00000, 0x0000000100000000)
  region size 1024K, 71 young (72704K), 8 survivors (8192K)
 Metaspace       used 95655K, committed 96320K, reserved 1138688K
  class space    used 12742K, committed 13056K, reserved 1048576K
}
Event: 33.396 GC heap after
{Heap after GC invocations=26 (full 0):
 garbage-first heap   total 157696K, used 67118K [0x0000000081c00000, 0x0000000100000000)
  region size 1024K, 6 young (6144K), 6 survivors (6144K)
 Metaspace       used 95655K, committed 96320K, reserved 1138688K
  class space    used 12742K, committed 13056K, reserved 1048576K
}
Event: 99.997 GC heap before
{Heap before GC invocations=26 (full 0):
 garbage-first heap   total 157696K, used 111150K [0x0000000081c00000, 0x0000000100000000)
  region size 1024K, 51 young (52224K), 6 survivors (6144K)
 Metaspace       used 100010K, committed 100736K, reserved 1138688K
  class space    used 13204K, committed 13568K, reserved 1048576K
}
Event: 100.024 GC heap after
{Heap after GC invocations=27 (full 0):
 garbage-first heap   total 157696K, used 69537K [0x0000000081c00000, 0x0000000100000000)
  region size 1024K, 5 young (5120K), 5 survivors (5120K)
 Metaspace       used 100010K, committed 100736K, reserved 1138688K
  class space    used 13204K, committed 13568K, reserved 1048576K
}

