# JRE version: Java(TM) SE Runtime Environment (17.0.2+8) (build 17.0.2+8-LTS-86)
# Java VM: Java HotSpot(TM) 64-Bit Server VM (17.0.2+8-LTS-86, mixed mode, sharing, tiered, compressed oops, compressed class ptrs, g1 gc, windows-amd64)
GC Precious Log:
 CPUs: 8 total, 8 available
 Memory: 8079M
 Large Page Support: Disabled
 NUMA Support: Disabled
 Compressed Oops: Enabled (32-bit)
 Heap Region Size: 1M
 Heap Min Capacity: 8M
 Heap Initial Capacity: 128M
 Heap Max Capacity: 2020M
 Pre-touch: Disabled
 Parallel Workers: 8
 Concurrent Workers: 2
 Concurrent Refinement Workers: 8
 Periodic GC: Disabled
Heap:
 garbage-first heap   total 189440K, used 109688K [0x0000000081c00000, 0x0000000100000000)
  region size 1024K, 41 young (41984K), 6 survivors (6144K)
 Metaspace       used 81037K, committed 81536K, reserved 1122304K
  class space    used 10362K, committed 10624K, reserved 1048576K
GC Heap History (20 events):
Event: 18.219 GC heap before
{Heap before GC invocations=37 (full 0):
 garbage-first heap   total 112640K, used 91171K [0x0000000081c00000, 0x0000000100000000)
  region size 1024K, 51 young (52224K), 7 survivors (7168K)
 Metaspace       used 71788K, committed 72192K, reserved 1114112K
  class space    used 9363K, committed 9536K, reserved 1048576K
}
Event: 18.232 GC heap after
{Heap after GC invocations=38 (full 0):
 garbage-first heap   total 112640K, used 49493K [0x0000000081c00000, 0x0000000100000000)
  region size 1024K, 6 young (6144K), 6 survivors (6144K)
 Metaspace       used 71788K, committed 72192K, reserved 1114112K
  class space    used 9363K, committed 9536K, reserved 1048576K
}
Event: 19.000 GC heap before
{Heap before GC invocations=38 (full 0):
 garbage-first heap   total 112640K, used 92501K [0x0000000081c00000, 0x0000000100000000)
  region size 1024K, 48 young (49152K), 6 survivors (6144K)
 Metaspace       used 74434K, committed 74880K, reserved 1114112K
  class space    used 9705K, committed 9920K, reserved 1048576K
}
Event: 19.018 GC heap after
{Heap after GC invocations=39 (full 0):
 garbage-first heap   total 112640K, used 51770K [0x0000000081c00000, 0x0000000100000000)
  region size 1024K, 5 young (5120K), 5 survivors (5120K)
 Metaspace       used 74434K, committed 74880K, reserved 1114112K
  class space    used 9705K, committed 9920K, reserved 1048576K
}
Event: 23.396 GC heap before
{Heap before GC invocations=39 (full 0):
 garbage-first heap   total 112640K, used 91706K [0x0000000081c00000, 0x0000000100000000)
  region size 1024K, 45 young (46080K), 5 survivors (5120K)
 Metaspace       used 77492K, committed 78016K, reserved 1122304K
  class space    used 10133K, committed 10368K, reserved 1048576K
}
Event: 23.404 GC heap after
{Heap after GC invocations=40 (full 0):
 garbage-first heap   total 112640K, used 54776K [0x0000000081c00000, 0x0000000100000000)
  region size 1024K, 6 young (6144K), 6 survivors (6144K)
 Metaspace       used 77492K, committed 78016K, reserved 1122304K
  class space    used 10133K, committed 10368K, reserved 1048576K
}
Event: 23.507 GC heap before
{Heap before GC invocations=40 (full 0):
 garbage-first heap   total 112640K, used 58872K [0x0000000081c00000, 0x0000000100000000)
  region size 1024K, 11 young (11264K), 6 survivors (6144K)
 Metaspace       used 77848K, committed 78336K, reserved 1122304K
  class space    used 10162K, committed 10368K, reserved 1048576K
}
Event: 23.515 GC heap after
{Heap after GC invocations=41 (full 0):
 garbage-first heap   total 112640K, used 55460K [0x0000000081c00000, 0x0000000100000000)
  region size 1024K, 4 young (4096K), 4 survivors (4096K)
 Metaspace       used 77848K, committed 78336K, reserved 1122304K
  class space    used 10162K, committed 10368K, reserved 1048576K
}
Event: 31.317 GC heap before
{Heap before GC invocations=42 (full 0):
 garbage-first heap   total 112640K, used 100516K [0x0000000081c00000, 0x0000000100000000)
  region size 1024K, 41 young (41984K), 4 survivors (4096K)
 Metaspace       used 79085K, committed 79616K, reserved 1122304K
  class space    used 10284K, committed 10560K, reserved 1048576K
}
Event: 31.323 GC heap after
{Heap after GC invocations=43 (full 0):
 garbage-first heap   total 112640K, used 60806K [0x0000000081c00000, 0x0000000100000000)
  region size 1024K, 5 young (5120K), 5 survivors (5120K)
 Metaspace       used 79085K, committed 79616K, reserved 1122304K
  class space    used 10284K, committed 10560K, reserved 1048576K
}
Event: 31.339 GC heap before
{Heap before GC invocations=43 (full 0):
 garbage-first heap   total 112640K, used 61830K [0x0000000081c00000, 0x0000000100000000)
  region size 1024K, 6 young (6144K), 5 survivors (5120K)
 Metaspace       used 79087K, committed 79616K, reserved 1122304K
  class space    used 10284K, committed 10560K, reserved 1048576K
}
Event: 31.343 GC heap after
{Heap after GC invocations=44 (full 0):
 garbage-first heap   total 112640K, used 61051K [0x0000000081c00000, 0x0000000100000000)
  region size 1024K, 1 young (1024K), 1 survivors (1024K)
 Metaspace       used 79087K, committed 79616K, reserved 1122304K
  class space    used 10284K, committed 10560K, reserved 1048576K
}
Event: 105.554 GC heap before
{Heap before GC invocations=44 (full 0):
 garbage-first heap   total 112640K, used 90747K [0x0000000081c00000, 0x0000000100000000)
  region size 1024K, 31 young (31744K), 1 survivors (1024K)
 Metaspace       used 79822K, committed 80320K, reserved 1122304K
  class space    used 10316K, committed 10560K, reserved 1048576K
}
Event: 105.559 GC heap after
{Heap after GC invocations=45 (full 0):
 garbage-first heap   total 189440K, used 63537K [0x0000000081c00000, 0x0000000100000000)
  region size 1024K, 3 young (3072K), 3 survivors (3072K)
 Metaspace       used 79822K, committed 80320K, reserved 1122304K
  class space    used 10316K, committed 10560K, reserved 1048576K
}
Event: 125.958 GC heap before
{Heap before GC invocations=46 (full 0):
 garbage-first heap   total 189440K, used 163765K [0x0000000081c00000, 0x0000000100000000)
  region size 1024K, 87 young (89088K), 3 survivors (3072K)
 Metaspace       used 80401K, committed 80960K, reserved 1122304K
  class space    used 10346K, committed 10624K, reserved 1048576K
}
Event: 125.962 GC heap after
{Heap after GC invocations=47 (full 0):
 garbage-first heap   total 189440K, used 66925K [0x0000000081c00000, 0x0000000100000000)
  region size 1024K, 6 young (6144K), 6 survivors (6144K)
 Metaspace       used 80401K, committed 80960K, reserved 1122304K
  class space    used 10346K, committed 10624K, reserved 1048576K
}
Event: 125.987 GC heap before
{Heap before GC invocations=47 (full 0):
 garbage-first heap   total 189440K, used 69997K [0x0000000081c00000, 0x0000000100000000)
  region size 1024K, 9 young (9216K), 6 survivors (6144K)
 Metaspace       used 80401K, committed 80960K, reserved 1122304K
  class space    used 10346K, committed 10624K, reserved 1048576K
}
Event: 125.997 GC heap after
{Heap after GC invocations=48 (full 0):
 garbage-first heap   total 189440K, used 65911K [0x0000000081c00000, 0x0000000100000000)
  region size 1024K, 2 young (2048K), 2 survivors (2048K)
 Metaspace       used 80401K, committed 80960K, reserved 1122304K
  class space    used 10346K, committed 10624K, reserved 1048576K
}
Event: 169.514 GC heap before
{Heap before GC invocations=48 (full 0):
 garbage-first heap   total 189440K, used 157047K [0x0000000081c00000, 0x0000000100000000)
  region size 1024K, 84 young (86016K), 2 survivors (2048K)
 Metaspace       used 80948K, committed 81472K, reserved 1122304K
  class space    used 10359K, committed 10624K, reserved 1048576K
}
Event: 169.519 GC heap after
{Heap after GC invocations=49 (full 0):
 garbage-first heap   total 189440K, used 72824K [0x0000000081c00000, 0x0000000100000000)
  region size 1024K, 6 young (6144K), 6 survivors (6144K)
 Metaspace       used 80948K, committed 81472K, reserved 1122304K
  class space    used 10359K, committed 10624K, reserved 1048576K
}

