# JRE version: Java(TM) SE Runtime Environment (17.0.2+8) (build 17.0.2+8-LTS-86)
# Java VM: Java HotSpot(TM) 64-Bit Server VM (17.0.2+8-LTS-86, mixed mode, sharing, tiered, compressed oops, compressed class ptrs, g1 gc, windows-amd64)
GC Precious Log:
 CPUs: 8 total, 8 available
 Memory: 8079M
 Large Page Support: Disabled
 NUMA Support: Disabled
 Compressed Oops: Enabled (32-bit)
 Heap Region Size: 1M
 Heap Min Capacity: 8M
 Heap Initial Capacity: 128M
 Heap Max Capacity: 2020M
 Pre-touch: Disabled
 Parallel Workers: 8
 Concurrent Workers: 2
 Concurrent Refinement Workers: 8
 Periodic GC: Disabled
Heap:
 garbage-first heap   total 140288K, used 86244K [0x0000000081c00000, 0x0000000100000000)
  region size 1024K, 19 young (19456K), 1 survivors (1024K)
 Metaspace       used 103285K, committed 104064K, reserved 1146880K
  class space    used 13576K, committed 13952K, reserved 1048576K
GC Heap History (20 events):
Event: 25.563 GC heap before
{Heap before GC invocations=29 (full 0):
 garbage-first heap   total 140288K, used 115154K [0x0000000081c00000, 0x0000000100000000)
  region size 1024K, 61 young (62464K), 7 survivors (7168K)
 Metaspace       used 88541K, committed 89216K, reserved 1130496K
  class space    used 11698K, committed 12032K, reserved 1048576K
}
Event: 25.572 GC heap after
{Heap after GC invocations=30 (full 0):
 garbage-first heap   total 140288K, used 62239K [0x0000000081c00000, 0x0000000100000000)
  region size 1024K, 6 young (6144K), 6 survivors (6144K)
 Metaspace       used 88541K, committed 89216K, reserved 1130496K
  class space    used 11698K, committed 12032K, reserved 1048576K
}
Event: 26.383 GC heap before
{Heap before GC invocations=30 (full 0):
 garbage-first heap   total 140288K, used 116511K [0x0000000081c00000, 0x0000000100000000)
  region size 1024K, 59 young (60416K), 6 survivors (6144K)
 Metaspace       used 91819K, committed 92480K, reserved 1130496K
  class space    used 12145K, committed 12480K, reserved 1048576K
}
Event: 26.396 GC heap after
{Heap after GC invocations=31 (full 0):
 garbage-first heap   total 140288K, used 65113K [0x0000000081c00000, 0x0000000100000000)
  region size 1024K, 6 young (6144K), 6 survivors (6144K)
 Metaspace       used 91819K, committed 92480K, reserved 1130496K
  class space    used 12145K, committed 12480K, reserved 1048576K
}
Event: 31.804 GC heap before
{Heap before GC invocations=31 (full 0):
 garbage-first heap   total 140288K, used 116313K [0x0000000081c00000, 0x0000000100000000)
  region size 1024K, 57 young (58368K), 6 survivors (6144K)
 Metaspace       used 95793K, committed 96384K, reserved 1138688K
  class space    used 12683K, committed 12992K, reserved 1048576K
}
Event: 31.813 GC heap after
{Heap after GC invocations=32 (full 0):
 garbage-first heap   total 140288K, used 67601K [0x0000000081c00000, 0x0000000100000000)
  region size 1024K, 6 young (6144K), 6 survivors (6144K)
 Metaspace       used 95793K, committed 96384K, reserved 1138688K
  class space    used 12683K, committed 12992K, reserved 1048576K
}
Event: 33.736 GC heap before
{Heap before GC invocations=32 (full 0):
 garbage-first heap   total 140288K, used 115729K [0x0000000081c00000, 0x0000000100000000)
  region size 1024K, 54 young (55296K), 6 survivors (6144K)
 Metaspace       used 99656K, committed 100352K, reserved 1138688K
  class space    used 13226K, committed 13568K, reserved 1048576K
}
Event: 33.745 GC heap after
{Heap after GC invocations=33 (full 0):
 garbage-first heap   total 140288K, used 70958K [0x0000000081c00000, 0x0000000100000000)
  region size 1024K, 7 young (7168K), 7 survivors (7168K)
 Metaspace       used 99656K, committed 100352K, reserved 1138688K
  class space    used 13226K, committed 13568K, reserved 1048576K
}
Event: 33.791 GC heap before
{Heap before GC invocations=33 (full 0):
 garbage-first heap   total 140288K, used 75054K [0x0000000081c00000, 0x0000000100000000)
  region size 1024K, 12 young (12288K), 7 survivors (7168K)
 Metaspace       used 99934K, committed 100608K, reserved 1138688K
  class space    used 13267K, committed 13568K, reserved 1048576K
}
Event: 33.796 GC heap after
{Heap after GC invocations=34 (full 0):
 garbage-first heap   total 140288K, used 71627K [0x0000000081c00000, 0x0000000100000000)
  region size 1024K, 4 young (4096K), 4 survivors (4096K)
 Metaspace       used 99934K, committed 100608K, reserved 1138688K
  class space    used 13267K, committed 13568K, reserved 1048576K
}
Event: 106.270 GC heap before
{Heap before GC invocations=35 (full 0):
 garbage-first heap   total 140288K, used 122827K [0x0000000081c00000, 0x0000000100000000)
  region size 1024K, 48 young (49152K), 4 survivors (4096K)
 Metaspace       used 102027K, committed 102784K, reserved 1138688K
  class space    used 13571K, committed 13952K, reserved 1048576K
}
Event: 106.275 GC heap after
{Heap after GC invocations=36 (full 0):
 garbage-first heap   total 140288K, used 71501K [0x0000000081c00000, 0x0000000100000000)
  region size 1024K, 2 young (2048K), 2 survivors (2048K)
 Metaspace       used 102027K, committed 102784K, reserved 1138688K
  class space    used 13571K, committed 13952K, reserved 1048576K
}
Event: 106.598 GC heap before
{Heap before GC invocations=36 (full 0):
 garbage-first heap   total 140288K, used 75597K [0x0000000081c00000, 0x0000000100000000)
  region size 1024K, 6 young (6144K), 2 survivors (2048K)
 Metaspace       used 102190K, committed 102976K, reserved 1138688K
  class space    used 13571K, committed 13952K, reserved 1048576K
}
Event: 106.601 GC heap after
{Heap after GC invocations=37 (full 0):
 garbage-first heap   total 140288K, used 70129K [0x0000000081c00000, 0x0000000100000000)
  region size 1024K, 1 young (1024K), 1 survivors (1024K)
 Metaspace       used 102190K, committed 102976K, reserved 1138688K
  class space    used 13571K, committed 13952K, reserved 1048576K
}
Event: 131.309 GC heap before
{Heap before GC invocations=37 (full 0):
 garbage-first heap   total 140288K, used 117233K [0x0000000081c00000, 0x0000000100000000)
  region size 1024K, 47 young (48128K), 1 survivors (1024K)
 Metaspace       used 102813K, committed 103616K, reserved 1146880K
  class space    used 13572K, committed 13952K, reserved 1048576K
}
Event: 131.311 GC heap after
{Heap after GC invocations=38 (full 0):
 garbage-first heap   total 140288K, used 69900K [0x0000000081c00000, 0x0000000100000000)
  region size 1024K, 1 young (1024K), 1 survivors (1024K)
 Metaspace       used 102813K, committed 103616K, reserved 1146880K
  class space    used 13572K, committed 13952K, reserved 1048576K
}
Event: 133.306 GC heap before
{Heap before GC invocations=39 (full 0):
 garbage-first heap   total 140288K, used 118028K [0x0000000081c00000, 0x0000000100000000)
  region size 1024K, 48 young (49152K), 1 survivors (1024K)
 Metaspace       used 103014K, committed 103808K, reserved 1146880K
  class space    used 13572K, committed 13952K, reserved 1048576K
}
Event: 133.307 GC heap after
{Heap after GC invocations=40 (full 0):
 garbage-first heap   total 140288K, used 69883K [0x0000000081c00000, 0x0000000100000000)
  region size 1024K, 1 young (1024K), 1 survivors (1024K)
 Metaspace       used 103014K, committed 103808K, reserved 1146880K
  class space    used 13572K, committed 13952K, reserved 1048576K
}
Event: 133.484 GC heap before
{Heap before GC invocations=40 (full 0):
 garbage-first heap   total 140288K, used 75003K [0x0000000081c00000, 0x0000000100000000)
  region size 1024K, 6 young (6144K), 1 survivors (1024K)
 Metaspace       used 103014K, committed 103808K, reserved 1146880K
  class space    used 13572K, committed 13952K, reserved 1048576K
}
Event: 133.487 GC heap after
{Heap after GC invocations=41 (full 0):
 garbage-first heap   total 140288K, used 68836K [0x0000000081c00000, 0x0000000100000000)
  region size 1024K, 1 young (1024K), 1 survivors (1024K)
 Metaspace       used 103014K, committed 103808K, reserved 1146880K
  class space    used 13572K, committed 13952K, reserved 1048576K
}

