# JRE version: Java(TM) SE Runtime Environment (21.0.5+9) (build 21.0.5+9-LTS-239)
# Java VM: Java HotSpot(TM) 64-Bit Server VM (21.0.5+9-LTS-239, mixed mode, sharing, tiered, compressed oops, compressed class ptrs, g1 gc, windows-amd64)
GC Precious Log:
 CardTable entry size: 512
 Card Set container configuration: InlinePtr #cards 5 size 8 Array Of Cards #cards 12 size 40 Howl #buckets 4 coarsen threshold 1843 Howl Bitmap #cards 512 size 80 coarsen threshold 460 Card regions per heap region 1 cards per card region 2048
 CPUs: 8 total, 8 available
 Memory: 8079M
 Large Page Support: Disabled
 NUMA Support: Disabled
 Compressed Oops: Enabled (32-bit)
 Heap Region Size: 1M
 Heap Min Capacity: 8M
 Heap Initial Capacity: 128M
 Heap Max Capacity: 2020M
 Pre-touch: Disabled
 Parallel Workers: 8
 Concurrent Workers: 2
 Concurrent Refinement Workers: 8
 Periodic GC: Disabled
Heap:
 garbage-first heap   total 141312K, used 98690K [0x0000000081c00000, 0x0000000100000000)
  region size 1024K, 34 young (34816K), 8 survivors (8192K)
 Metaspace       used 100559K, committed 101376K, reserved 1179648K
  class space    used 12981K, committed 13376K, reserved 1048576K
GC Heap History (20 events):
Event: 19.490 GC heap before
{Heap before GC invocations=21 (full 0):
 garbage-first heap   total 110592K, used 94796K [0x0000000081c00000, 0x0000000100000000)
  region size 1024K, 54 young (55296K), 8 survivors (8192K)
 Metaspace       used 76127K, committed 76800K, reserved 1179648K
  class space    used 9991K, committed 10304K, reserved 1048576K
}
Event: 19.499 GC heap after
{Heap after GC invocations=22 (full 0):
 garbage-first heap   total 110592K, used 49952K [0x0000000081c00000, 0x0000000100000000)
  region size 1024K, 3 young (3072K), 3 survivors (3072K)
 Metaspace       used 76127K, committed 76800K, reserved 1179648K
  class space    used 9991K, committed 10304K, reserved 1048576K
}
Event: 20.220 GC heap before
{Heap before GC invocations=23 (full 0):
 garbage-first heap   total 110592K, used 99104K [0x0000000081c00000, 0x0000000100000000)
  region size 1024K, 52 young (53248K), 3 survivors (3072K)
 Metaspace       used 78598K, committed 79296K, reserved 1179648K
  class space    used 10322K, committed 10624K, reserved 1048576K
}
Event: 20.224 GC heap after
{Heap after GC invocations=24 (full 0):
 garbage-first heap   total 110592K, used 51511K [0x0000000081c00000, 0x0000000100000000)
  region size 1024K, 4 young (4096K), 4 survivors (4096K)
 Metaspace       used 78598K, committed 79296K, reserved 1179648K
  class space    used 10322K, committed 10624K, reserved 1048576K
}
Event: 21.020 GC heap before
{Heap before GC invocations=24 (full 0):
 garbage-first heap   total 110592K, used 99639K [0x0000000081c00000, 0x0000000100000000)
  region size 1024K, 51 young (52224K), 4 survivors (4096K)
 Metaspace       used 82445K, committed 83136K, reserved 1179648K
  class space    used 10786K, committed 11136K, reserved 1048576K
}
Event: 21.028 GC heap after
{Heap after GC invocations=25 (full 0):
 garbage-first heap   total 110592K, used 54553K [0x0000000081c00000, 0x0000000100000000)
  region size 1024K, 6 young (6144K), 6 survivors (6144K)
 Metaspace       used 82445K, committed 83136K, reserved 1179648K
  class space    used 10786K, committed 11136K, reserved 1048576K
}
Event: 21.543 GC heap before
{Heap before GC invocations=25 (full 0):
 garbage-first heap   total 110592K, used 97561K [0x0000000081c00000, 0x0000000100000000)
  region size 1024K, 48 young (49152K), 6 survivors (6144K)
 Metaspace       used 85370K, committed 86016K, reserved 1179648K
  class space    used 11107K, committed 11392K, reserved 1048576K
}
Event: 21.551 GC heap after
{Heap after GC invocations=26 (full 0):
 garbage-first heap   total 110592K, used 56776K [0x0000000081c00000, 0x0000000100000000)
  region size 1024K, 6 young (6144K), 6 survivors (6144K)
 Metaspace       used 85370K, committed 86016K, reserved 1179648K
  class space    used 11107K, committed 11392K, reserved 1048576K
}
Event: 22.069 GC heap before
{Heap before GC invocations=27 (full 0):
 garbage-first heap   total 110592K, used 96712K [0x0000000081c00000, 0x0000000100000000)
  region size 1024K, 46 young (47104K), 6 survivors (6144K)
 Metaspace       used 86285K, committed 86912K, reserved 1179648K
  class space    used 11178K, committed 11456K, reserved 1048576K
}
Event: 22.078 GC heap after
{Heap after GC invocations=28 (full 0):
 garbage-first heap   total 110592K, used 59488K [0x0000000081c00000, 0x0000000100000000)
  region size 1024K, 5 young (5120K), 5 survivors (5120K)
 Metaspace       used 86285K, committed 86912K, reserved 1179648K
  class space    used 11178K, committed 11456K, reserved 1048576K
}
Event: 23.073 GC heap before
{Heap before GC invocations=28 (full 0):
 garbage-first heap   total 110592K, used 98400K [0x0000000081c00000, 0x0000000100000000)
  region size 1024K, 43 young (44032K), 5 survivors (5120K)
 Metaspace       used 88252K, committed 88960K, reserved 1179648K
  class space    used 11359K, committed 11712K, reserved 1048576K
}
Event: 23.086 GC heap after
{Heap after GC invocations=29 (full 0):
 garbage-first heap   total 110592K, used 63956K [0x0000000081c00000, 0x0000000100000000)
  region size 1024K, 6 young (6144K), 6 survivors (6144K)
 Metaspace       used 88252K, committed 88960K, reserved 1179648K
  class space    used 11359K, committed 11712K, reserved 1048576K
}
Event: 23.646 GC heap before
{Heap before GC invocations=29 (full 0):
 garbage-first heap   total 110592K, used 97748K [0x0000000081c00000, 0x0000000100000000)
  region size 1024K, 39 young (39936K), 6 survivors (6144K)
 Metaspace       used 89661K, committed 90432K, reserved 1179648K
  class space    used 11499K, committed 11840K, reserved 1048576K
}
Event: 23.653 GC heap after
{Heap after GC invocations=30 (full 0):
 garbage-first heap   total 110592K, used 66471K [0x0000000081c00000, 0x0000000100000000)
  region size 1024K, 2 young (2048K), 2 survivors (2048K)
 Metaspace       used 89661K, committed 90432K, reserved 1179648K
  class space    used 11499K, committed 11840K, reserved 1048576K
}
Event: 24.305 GC heap before
{Heap before GC invocations=31 (full 0):
 garbage-first heap   total 117760K, used 101287K [0x0000000081c00000, 0x0000000100000000)
  region size 1024K, 36 young (36864K), 2 survivors (2048K)
 Metaspace       used 91359K, committed 92096K, reserved 1179648K
  class space    used 11748K, committed 12096K, reserved 1048576K
}
Event: 24.310 GC heap after
{Heap after GC invocations=32 (full 0):
 garbage-first heap   total 117760K, used 67955K [0x0000000081c00000, 0x0000000100000000)
  region size 1024K, 4 young (4096K), 4 survivors (4096K)
 Metaspace       used 91359K, committed 92096K, reserved 1179648K
  class space    used 11748K, committed 12096K, reserved 1048576K
}
Event: 24.857 GC heap before
{Heap before GC invocations=32 (full 0):
 garbage-first heap   total 117760K, used 104819K [0x0000000081c00000, 0x0000000100000000)
  region size 1024K, 41 young (41984K), 4 survivors (4096K)
 Metaspace       used 93883K, committed 94656K, reserved 1179648K
  class space    used 12109K, committed 12480K, reserved 1048576K
}
Event: 24.866 GC heap after
{Heap after GC invocations=33 (full 0):
 garbage-first heap   total 141312K, used 69682K [0x0000000081c00000, 0x0000000100000000)
  region size 1024K, 4 young (4096K), 4 survivors (4096K)
 Metaspace       used 93883K, committed 94656K, reserved 1179648K
  class space    used 12109K, committed 12480K, reserved 1048576K
}
Event: 43.372 GC heap before
{Heap before GC invocations=33 (full 0):
 garbage-first heap   total 141312K, used 127026K [0x0000000081c00000, 0x0000000100000000)
  region size 1024K, 61 young (62464K), 4 survivors (4096K)
 Metaspace       used 98446K, committed 99264K, reserved 1179648K
  class space    used 12743K, committed 13120K, reserved 1048576K
}
Event: 43.386 GC heap after
{Heap after GC invocations=34 (full 0):
 garbage-first heap   total 141312K, used 74114K [0x0000000081c00000, 0x0000000100000000)
  region size 1024K, 8 young (8192K), 8 survivors (8192K)
 Metaspace       used 98446K, committed 99264K, reserved 1179648K
  class space    used 12743K, committed 13120K, reserved 1048576K
}

