# JRE version: Java(TM) SE Runtime Environment (17.0.2+8) (build 17.0.2+8-LTS-86)
# Java VM: Java HotSpot(TM) 64-Bit Server VM (17.0.2+8-LTS-86, mixed mode, sharing, tiered, compressed oops, compressed class ptrs, g1 gc, windows-amd64)
GC Precious Log:
 CPUs: 8 total, 8 available
 Memory: 8079M
 Large Page Support: Disabled
 NUMA Support: Disabled
 Compressed Oops: Enabled (32-bit)
 Heap Region Size: 1M
 Heap Min Capacity: 8M
 Heap Initial Capacity: 128M
 Heap Max Capacity: 2020M
 Pre-touch: Disabled
 Parallel Workers: 8
 Concurrent Workers: 2
 Concurrent Refinement Workers: 8
 Periodic GC: Disabled
Heap:
 garbage-first heap   total 133120K, used 89581K [0x0000000081c00000, 0x0000000100000000)
  region size 1024K, 22 young (22528K), 1 survivors (1024K)
 Metaspace       used 99158K, committed 99840K, reserved 1138688K
  class space    used 13163K, committed 13504K, reserved 1048576K
GC Heap History (20 events):
Event: 19.060 GC heap before
{Heap before GC invocations=26 (full 0):
 garbage-first heap   total 110592K, used 91662K [0x0000000081c00000, 0x0000000100000000)
  region size 1024K, 47 young (48128K), 5 survivors (5120K)
 Metaspace       used 75737K, committed 76352K, reserved 1122304K
  class space    used 10196K, committed 10496K, reserved 1048576K
}
Event: 19.066 GC heap after
{Heap after GC invocations=27 (full 0):
 garbage-first heap   total 110592K, used 50837K [0x0000000081c00000, 0x0000000100000000)
  region size 1024K, 4 young (4096K), 4 survivors (4096K)
 Metaspace       used 75737K, committed 76352K, reserved 1122304K
  class space    used 10196K, committed 10496K, reserved 1048576K
}
Event: 19.675 GC heap before
{Heap before GC invocations=27 (full 0):
 garbage-first heap   total 110592K, used 91797K [0x0000000081c00000, 0x0000000100000000)
  region size 1024K, 45 young (46080K), 4 survivors (4096K)
 Metaspace       used 77953K, committed 78464K, reserved 1122304K
  class space    used 10496K, committed 10752K, reserved 1048576K
}
Event: 19.682 GC heap after
{Heap after GC invocations=28 (full 0):
 garbage-first heap   total 133120K, used 52395K [0x0000000081c00000, 0x0000000100000000)
  region size 1024K, 4 young (4096K), 4 survivors (4096K)
 Metaspace       used 77953K, committed 78464K, reserved 1122304K
  class space    used 10496K, committed 10752K, reserved 1048576K
}
Event: 20.928 GC heap before
{Heap before GC invocations=28 (full 0):
 garbage-first heap   total 133120K, used 107691K [0x0000000081c00000, 0x0000000100000000)
  region size 1024K, 58 young (59392K), 4 survivors (4096K)
 Metaspace       used 81780K, committed 82368K, reserved 1122304K
  class space    used 10907K, committed 11200K, reserved 1048576K
}
Event: 20.939 GC heap after
{Heap after GC invocations=29 (full 0):
 garbage-first heap   total 133120K, used 54796K [0x0000000081c00000, 0x0000000100000000)
  region size 1024K, 7 young (7168K), 7 survivors (7168K)
 Metaspace       used 81780K, committed 82368K, reserved 1122304K
  class space    used 10907K, committed 11200K, reserved 1048576K
}
Event: 21.802 GC heap before
{Heap before GC invocations=29 (full 0):
 garbage-first heap   total 133120K, used 108044K [0x0000000081c00000, 0x0000000100000000)
  region size 1024K, 59 young (60416K), 7 survivors (7168K)
 Metaspace       used 84461K, committed 85056K, reserved 1122304K
  class space    used 11229K, committed 11520K, reserved 1048576K
}
Event: 21.813 GC heap after
{Heap after GC invocations=30 (full 0):
 garbage-first heap   total 133120K, used 57413K [0x0000000081c00000, 0x0000000100000000)
  region size 1024K, 6 young (6144K), 6 survivors (6144K)
 Metaspace       used 84461K, committed 85056K, reserved 1122304K
  class space    used 11229K, committed 11520K, reserved 1048576K
}
Event: 22.880 GC heap before
{Heap before GC invocations=30 (full 0):
 garbage-first heap   total 133120K, used 109637K [0x0000000081c00000, 0x0000000100000000)
  region size 1024K, 57 young (58368K), 6 survivors (6144K)
 Metaspace       used 86053K, committed 86656K, reserved 1130496K
  class space    used 11379K, committed 11648K, reserved 1048576K
}
Event: 22.890 GC heap after
{Heap after GC invocations=31 (full 0):
 garbage-first heap   total 133120K, used 59888K [0x0000000081c00000, 0x0000000100000000)
  region size 1024K, 6 young (6144K), 6 survivors (6144K)
 Metaspace       used 86053K, committed 86656K, reserved 1130496K
  class space    used 11379K, committed 11648K, reserved 1048576K
}
Event: 23.818 GC heap before
{Heap before GC invocations=31 (full 0):
 garbage-first heap   total 133120K, used 110064K [0x0000000081c00000, 0x0000000100000000)
  region size 1024K, 55 young (56320K), 6 survivors (6144K)
 Metaspace       used 88345K, committed 88960K, reserved 1130496K
  class space    used 11679K, committed 11968K, reserved 1048576K
}
Event: 23.828 GC heap after
{Heap after GC invocations=32 (full 0):
 garbage-first heap   total 133120K, used 62772K [0x0000000081c00000, 0x0000000100000000)
  region size 1024K, 6 young (6144K), 6 survivors (6144K)
 Metaspace       used 88345K, committed 88960K, reserved 1130496K
  class space    used 11679K, committed 11968K, reserved 1048576K
}
Event: 24.993 GC heap before
{Heap before GC invocations=32 (full 0):
 garbage-first heap   total 133120K, used 110900K [0x0000000081c00000, 0x0000000100000000)
  region size 1024K, 53 young (54272K), 6 survivors (6144K)
 Metaspace       used 91194K, committed 91840K, reserved 1130496K
  class space    used 12093K, committed 12416K, reserved 1048576K
}
Event: 25.004 GC heap after
{Heap after GC invocations=33 (full 0):
 garbage-first heap   total 133120K, used 64902K [0x0000000081c00000, 0x0000000100000000)
  region size 1024K, 5 young (5120K), 5 survivors (5120K)
 Metaspace       used 91194K, committed 91840K, reserved 1130496K
  class space    used 12093K, committed 12416K, reserved 1048576K
}
Event: 56.331 GC heap before
{Heap before GC invocations=33 (full 0):
 garbage-first heap   total 133120K, used 110982K [0x0000000081c00000, 0x0000000100000000)
  region size 1024K, 51 young (52224K), 5 survivors (5120K)
 Metaspace       used 94703K, committed 95296K, reserved 1138688K
  class space    used 12554K, committed 12864K, reserved 1048576K
}
Event: 56.341 GC heap after
{Heap after GC invocations=34 (full 0):
 garbage-first heap   total 133120K, used 67859K [0x0000000081c00000, 0x0000000100000000)
  region size 1024K, 6 young (6144K), 6 survivors (6144K)
 Metaspace       used 94703K, committed 95296K, reserved 1138688K
  class space    used 12554K, committed 12864K, reserved 1048576K
}
Event: 64.125 GC heap before
{Heap before GC invocations=35 (full 0):
 garbage-first heap   total 133120K, used 109843K [0x0000000081c00000, 0x0000000100000000)
  region size 1024K, 48 young (49152K), 6 survivors (6144K)
 Metaspace       used 98003K, committed 98688K, reserved 1138688K
  class space    used 13099K, committed 13440K, reserved 1048576K
}
Event: 64.133 GC heap after
{Heap after GC invocations=36 (full 0):
 garbage-first heap   total 133120K, used 70080K [0x0000000081c00000, 0x0000000100000000)
  region size 1024K, 6 young (6144K), 6 survivors (6144K)
 Metaspace       used 98003K, committed 98688K, reserved 1138688K
  class space    used 13099K, committed 13440K, reserved 1048576K
}
Event: 64.152 GC heap before
{Heap before GC invocations=36 (full 0):
 garbage-first heap   total 133120K, used 70080K [0x0000000081c00000, 0x0000000100000000)
  region size 1024K, 7 young (7168K), 6 survivors (6144K)
 Metaspace       used 98109K, committed 98816K, reserved 1138688K
  class space    used 13109K, committed 13440K, reserved 1048576K
}
Event: 64.159 GC heap after
{Heap after GC invocations=37 (full 0):
 garbage-first heap   total 133120K, used 69101K [0x0000000081c00000, 0x0000000100000000)
  region size 1024K, 1 young (1024K), 1 survivors (1024K)
 Metaspace       used 98109K, committed 98816K, reserved 1138688K
  class space    used 13109K, committed 13440K, reserved 1048576K
}

