# JRE version: Java(TM) SE Runtime Environment (17.0.2+8) (build 17.0.2+8-LTS-86)
# Java VM: Java HotSpot(TM) 64-Bit Server VM (17.0.2+8-LTS-86, mixed mode, sharing, tiered, compressed oops, compressed class ptrs, g1 gc, windows-amd64)
GC Precious Log:
 CPUs: 8 total, 8 available
 Memory: 8079M
 Large Page Support: Disabled
 NUMA Support: Disabled
 Compressed Oops: Enabled (32-bit)
 Heap Region Size: 1M
 Heap Min Capacity: 8M
 Heap Initial Capacity: 128M
 Heap Max Capacity: 2020M
 Pre-touch: Disabled
 Parallel Workers: 8
 Concurrent Workers: 2
 Concurrent Refinement Workers: 8
 Periodic GC: Disabled
Heap:
 garbage-first heap   total 184320K, used 71938K [0x0000000081c00000, 0x0000000100000000)
  region size 1024K, 12 young (12288K), 8 survivors (8192K)
 Metaspace       used 100397K, committed 101120K, reserved 1138688K
  class space    used 13163K, committed 13504K, reserved 1048576K
GC Heap History (20 events):
Event: 16.834 GC heap before
{Heap before GC invocations=18 (full 0):
 garbage-first heap   total 177152K, used 45943K [0x0000000081c00000, 0x0000000100000000)
  region size 1024K, 13 young (13312K), 8 survivors (8192K)
 Metaspace       used 59828K, committed 60288K, reserved 1105920K
  class space    used 7662K, committed 7872K, reserved 1048576K
}
Event: 16.844 GC heap after
{Heap after GC invocations=19 (full 0):
 garbage-first heap   total 177152K, used 42159K [0x0000000081c00000, 0x0000000100000000)
  region size 1024K, 7 young (7168K), 7 survivors (7168K)
 Metaspace       used 59828K, committed 60288K, reserved 1105920K
  class space    used 7662K, committed 7872K, reserved 1048576K
}
Event: 18.414 GC heap before
{Heap before GC invocations=20 (full 0):
 garbage-first heap   total 153600K, used 127151K [0x0000000081c00000, 0x0000000100000000)
  region size 1024K, 90 young (92160K), 7 survivors (7168K)
 Metaspace       used 65131K, committed 65728K, reserved 1105920K
  class space    used 8524K, committed 8832K, reserved 1048576K
}
Event: 18.425 GC heap after
{Heap after GC invocations=21 (full 0):
 garbage-first heap   total 153600K, used 43637K [0x0000000081c00000, 0x0000000100000000)
  region size 1024K, 7 young (7168K), 7 survivors (7168K)
 Metaspace       used 65131K, committed 65728K, reserved 1105920K
  class space    used 8524K, committed 8832K, reserved 1048576K
}
Event: 19.569 GC heap before
{Heap before GC invocations=21 (full 0):
 garbage-first heap   total 153600K, used 127605K [0x0000000081c00000, 0x0000000100000000)
  region size 1024K, 90 young (92160K), 7 survivors (7168K)
 Metaspace       used 72020K, committed 72576K, reserved 1114112K
  class space    used 9653K, committed 9920K, reserved 1048576K
}
Event: 19.579 GC heap after
{Heap after GC invocations=22 (full 0):
 garbage-first heap   total 153600K, used 47712K [0x0000000081c00000, 0x0000000100000000)
  region size 1024K, 11 young (11264K), 11 survivors (11264K)
 Metaspace       used 72020K, committed 72576K, reserved 1114112K
  class space    used 9653K, committed 9920K, reserved 1048576K
}
Event: 20.388 GC heap before
{Heap before GC invocations=22 (full 0):
 garbage-first heap   total 153600K, used 124512K [0x0000000081c00000, 0x0000000100000000)
  region size 1024K, 87 young (89088K), 11 survivors (11264K)
 Metaspace       used 76413K, committed 76992K, reserved 1122304K
  class space    used 10274K, committed 10560K, reserved 1048576K
}
Event: 20.401 GC heap after
{Heap after GC invocations=23 (full 0):
 garbage-first heap   total 153600K, used 50550K [0x0000000081c00000, 0x0000000100000000)
  region size 1024K, 8 young (8192K), 8 survivors (8192K)
 Metaspace       used 76413K, committed 76992K, reserved 1122304K
  class space    used 10274K, committed 10560K, reserved 1048576K
}
Event: 21.974 GC heap before
{Heap before GC invocations=23 (full 0):
 garbage-first heap   total 153600K, used 126326K [0x0000000081c00000, 0x0000000100000000)
  region size 1024K, 83 young (84992K), 8 survivors (8192K)
 Metaspace       used 81394K, committed 81984K, reserved 1122304K
  class space    used 10871K, committed 11136K, reserved 1048576K
}
Event: 21.985 GC heap after
{Heap after GC invocations=24 (full 0):
 garbage-first heap   total 153600K, used 54001K [0x0000000081c00000, 0x0000000100000000)
  region size 1024K, 7 young (7168K), 7 survivors (7168K)
 Metaspace       used 81394K, committed 81984K, reserved 1122304K
  class space    used 10871K, committed 11136K, reserved 1048576K
}
Event: 22.841 GC heap before
{Heap before GC invocations=24 (full 0):
 garbage-first heap   total 153600K, used 127729K [0x0000000081c00000, 0x0000000100000000)
  region size 1024K, 79 young (80896K), 7 survivors (7168K)
 Metaspace       used 84677K, committed 85312K, reserved 1130496K
  class space    used 11239K, committed 11520K, reserved 1048576K
}
Event: 22.849 GC heap after
{Heap after GC invocations=25 (full 0):
 garbage-first heap   total 153600K, used 57651K [0x0000000081c00000, 0x0000000100000000)
  region size 1024K, 7 young (7168K), 7 survivors (7168K)
 Metaspace       used 84677K, committed 85312K, reserved 1130496K
  class space    used 11239K, committed 11520K, reserved 1048576K
}
Event: 23.662 GC heap before
{Heap before GC invocations=25 (full 0):
 garbage-first heap   total 153600K, used 127283K [0x0000000081c00000, 0x0000000100000000)
  region size 1024K, 75 young (76800K), 7 survivors (7168K)
 Metaspace       used 87577K, committed 88192K, reserved 1130496K
  class space    used 11561K, committed 11840K, reserved 1048576K
}
Event: 23.674 GC heap after
{Heap after GC invocations=26 (full 0):
 garbage-first heap   total 153600K, used 61539K [0x0000000081c00000, 0x0000000100000000)
  region size 1024K, 8 young (8192K), 8 survivors (8192K)
 Metaspace       used 87577K, committed 88192K, reserved 1130496K
  class space    used 11561K, committed 11840K, reserved 1048576K
}
Event: 24.488 GC heap before
{Heap before GC invocations=26 (full 0):
 garbage-first heap   total 153600K, used 126051K [0x0000000081c00000, 0x0000000100000000)
  region size 1024K, 72 young (73728K), 8 survivors (8192K)
 Metaspace       used 90834K, committed 91456K, reserved 1130496K
  class space    used 12003K, committed 12352K, reserved 1048576K
}
Event: 24.499 GC heap after
{Heap after GC invocations=27 (full 0):
 garbage-first heap   total 153600K, used 64419K [0x0000000081c00000, 0x0000000100000000)
  region size 1024K, 7 young (7168K), 7 survivors (7168K)
 Metaspace       used 90834K, committed 91456K, reserved 1130496K
  class space    used 12003K, committed 12352K, reserved 1048576K
}
Event: 32.187 GC heap before
{Heap before GC invocations=27 (full 0):
 garbage-first heap   total 153600K, used 127907K [0x0000000081c00000, 0x0000000100000000)
  region size 1024K, 69 young (70656K), 7 survivors (7168K)
 Metaspace       used 95437K, committed 96128K, reserved 1138688K
  class space    used 12703K, committed 13056K, reserved 1048576K
}
Event: 32.201 GC heap after
{Heap after GC invocations=28 (full 0):
 garbage-first heap   total 184320K, used 67364K [0x0000000081c00000, 0x0000000100000000)
  region size 1024K, 6 young (6144K), 6 survivors (6144K)
 Metaspace       used 95437K, committed 96128K, reserved 1138688K
  class space    used 12703K, committed 13056K, reserved 1048576K
}
Event: 143.496 GC heap before
{Heap before GC invocations=28 (full 0):
 garbage-first heap   total 184320K, used 115492K [0x0000000081c00000, 0x0000000100000000)
  region size 1024K, 55 young (56320K), 6 survivors (6144K)
 Metaspace       used 100242K, committed 100928K, reserved 1138688K
  class space    used 13161K, committed 13504K, reserved 1048576K
}
Event: 143.506 GC heap after
{Heap after GC invocations=29 (full 0):
 garbage-first heap   total 184320K, used 68866K [0x0000000081c00000, 0x0000000100000000)
  region size 1024K, 8 young (8192K), 8 survivors (8192K)
 Metaspace       used 100242K, committed 100928K, reserved 1138688K
  class space    used 13161K, committed 13504K, reserved 1048576K
}

